<?xml version="1.0" encoding="UTF-8"?>
<!-- Generated by org.testng.reporters.JUnitReportReporter -->
<testsuite hostname="INDIA-NIKUNJ" name="com.perficient.test.BingSearch" tests="2" failures="0" timestamp="5 Jun 2018 06:52:06 GMT" time="18.829" errors="0">
  <testcase name="searchBing" time="9.420" classname="com.perficient.test.BingSearch"/>
  <testcase name="searchBing" time="9.409" classname="com.perficient.test.BingSearch"/>
</testsuite> <!-- com.perficient.test.BingSearch -->
