<?xml version="1.0" encoding="UTF-8"?>
<!-- Generated by org.testng.reporters.JUnitReportReporter -->
<testsuite hostname="INDIA-Srinivas" name="com.perficient.test.MimicValidation" tests="6" failures="0" timestamp="13 Sep 2017 11:17:43 GMT" time="24.023" errors="0">
  <testcase name="localTest3" time="3.913" classname="com.perficient.test.MimicValidation"/>
  <testcase name="localTest2" time="3.867" classname="com.perficient.test.MimicValidation"/>
  <testcase name="localTest1" time="3.861" classname="com.perficient.test.MimicValidation"/>
  <testcase name="localTest1" time="4.668" classname="com.perficient.test.MimicValidation"/>
  <testcase name="localTest3" time="3.915" classname="com.perficient.test.MimicValidation"/>
  <testcase name="localTest3" time="3.799" classname="com.perficient.test.MimicValidation"/>
</testsuite> <!-- com.perficient.test.MimicValidation -->
