<?xml version="1.0" encoding="UTF-8"?>
<!-- Generated by org.testng.reporters.JUnitReportReporter -->
<testsuite hostname="INDIA-Karpagam" name="com.perficient.test.LoginScenarios" tests="4" failures="0" timestamp="30 Jan 2017 13:55:10 GMT" time="66.210" errors="0">
  <testcase name="LoginLogout" time="15.502" classname="com.perficient.test.LoginScenarios"/>
  <testcase name="LoginHotelLogout" time="12.755" classname="com.perficient.test.LoginScenarios"/>
  <testcase name="LoginLogout" time="24.712" classname="com.perficient.test.LoginScenarios"/>
  <testcase name="LoginHotelLogout" time="13.241" classname="com.perficient.test.LoginScenarios"/>
</testsuite> <!-- com.perficient.test.LoginScenarios -->
